<?xml version="1.0" encoding="UTF-8"?>
<coverage generated="1589426256492" clover="3.2.0">
  <project timestamp="1589426256492" name="All files">
    <metrics statements="70" coveredstatements="34" conditionals="56" coveredconditionals="22" methods="28" coveredmethods="11" elements="154" coveredelements="67" complexity="0" loc="70" ncloc="70" packages="1" files="2" classes="2"/>
    <file name="checkbox.jsx" path="/Users/flyteng/Desktop/workspace/test/slucky/src/component/checkbox.jsx">
      <metrics statements="52" coveredstatements="17" conditionals="50" coveredconditionals="16" methods="25" coveredmethods="9"/>
      <line num="5" count="4" type="stmt"/>
      <line num="6" count="4" type="stmt"/>
      <line num="10" count="1" type="stmt"/>
      <line num="14" count="4" type="stmt"/>
      <line num="26" count="1" type="stmt"/>
      <line num="36" count="0" type="stmt"/>
      <line num="49" count="0" type="stmt"/>
      <line num="50" count="0" type="stmt"/>
      <line num="54" count="0" type="stmt"/>
      <line num="58" count="0" type="stmt"/>
      <line num="70" count="0" type="stmt"/>
      <line num="80" count="0" type="stmt"/>
      <line num="95" count="0" type="stmt"/>
      <line num="96" count="0" type="stmt"/>
      <line num="100" count="0" type="stmt"/>
      <line num="104" count="0" type="stmt"/>
      <line num="116" count="0" type="stmt"/>
      <line num="126" count="0" type="stmt"/>
      <line num="140" count="3" type="stmt"/>
      <line num="142" count="1" type="stmt"/>
      <line num="143" count="1" type="stmt"/>
      <line num="144" count="1" type="stmt"/>
      <line num="151" count="0" type="stmt"/>
      <line num="157" count="0" type="stmt"/>
      <line num="158" count="0" type="stmt"/>
      <line num="159" count="0" type="stmt"/>
      <line num="160" count="0" type="cond" truecount="0" falsecount="2"/>
      <line num="162" count="0" type="cond" truecount="0" falsecount="2"/>
      <line num="163" count="0" type="stmt"/>
      <line num="165" count="0" type="stmt"/>
      <line num="166" count="0" type="cond" truecount="0" falsecount="2"/>
      <line num="167" count="0" type="stmt"/>
      <line num="168" count="0" type="stmt"/>
      <line num="171" count="0" type="stmt"/>
      <line num="173" count="0" type="stmt"/>
      <line num="176" count="0" type="cond" truecount="0" falsecount="2"/>
      <line num="177" count="0" type="stmt"/>
      <line num="179" count="0" type="stmt"/>
      <line num="180" count="0" type="cond" truecount="0" falsecount="2"/>
      <line num="181" count="0" type="stmt"/>
      <line num="182" count="0" type="stmt"/>
      <line num="185" count="0" type="stmt"/>
      <line num="187" count="0" type="stmt"/>
      <line num="191" count="6" type="cond" truecount="2" falsecount="0"/>
      <line num="192" count="3" type="stmt"/>
      <line num="194" count="3" type="stmt"/>
      <line num="197" count="1" type="stmt"/>
      <line num="201" count="3" type="stmt"/>
      <line num="210" count="0" type="stmt"/>
      <line num="219" count="1" type="stmt"/>
      <line num="220" count="1" type="stmt"/>
      <line num="221" count="1" type="stmt"/>
    </file>
    <file name="text.tsx" path="/Users/flyteng/Desktop/workspace/test/slucky/src/component/text.tsx">
      <metrics statements="18" coveredstatements="17" conditionals="6" coveredconditionals="6" methods="3" coveredmethods="2"/>
      <line num="15" count="0" type="stmt"/>
      <line num="24" count="7" type="stmt"/>
      <line num="25" count="7" type="cond" truecount="2" falsecount="0"/>
      <line num="27" count="4" type="stmt"/>
      <line num="28" count="4" type="stmt"/>
      <line num="29" count="4" type="stmt"/>
      <line num="30" count="4" type="cond" truecount="2" falsecount="0"/>
      <line num="31" count="1" type="stmt"/>
      <line num="32" count="1" type="stmt"/>
      <line num="35" count="4" type="stmt"/>
      <line num="36" count="4" type="stmt"/>
      <line num="37" count="4" type="stmt"/>
      <line num="40" count="4" type="stmt"/>
      <line num="42" count="4" type="cond" truecount="2" falsecount="0"/>
      <line num="43" count="1" type="stmt"/>
      <line num="45" count="3" type="stmt"/>
      <line num="48" count="7" type="stmt"/>
      <line num="56" count="1" type="stmt"/>
    </file>
  </project>
</coverage>
