<?xml version="1.0" encoding="UTF-8"?>
<coverage generated="1591697227074" clover="3.2.0">
  <project timestamp="1591697227074" name="All files">
    <metrics statements="81" coveredstatements="58" conditionals="66" coveredconditionals="29" methods="22" coveredmethods="16" elements="169" coveredelements="103" complexity="0" loc="81" ncloc="81" packages="1" files="2" classes="2"/>
    <file name="checkbox.tsx" path="/Users/flyteng/Desktop/workspace/test/slucky/src/component/checkbox.tsx">
      <metrics statements="38" coveredstatements="17" conditionals="44" coveredconditionals="14" methods="11" coveredmethods="6"/>
      <line num="22" count="4" type="stmt"/>
      <line num="24" count="4" type="stmt"/>
      <line num="25" count="1" type="cond" truecount="2" falsecount="0"/>
      <line num="28" count="4" type="stmt"/>
      <line num="60" count="0" type="stmt"/>
      <line num="62" count="0" type="stmt"/>
      <line num="63" count="0" type="cond" truecount="0" falsecount="2"/>
      <line num="66" count="0" type="stmt"/>
      <line num="101" count="0" type="stmt"/>
      <line num="103" count="0" type="stmt"/>
      <line num="104" count="0" type="cond" truecount="0" falsecount="2"/>
      <line num="107" count="0" type="stmt"/>
      <line num="157" count="3" type="stmt"/>
      <line num="158" count="1" type="stmt"/>
      <line num="160" count="1" type="stmt"/>
      <line num="161" count="6" type="cond" truecount="2" falsecount="0"/>
      <line num="162" count="3" type="stmt"/>
      <line num="164" count="3" type="stmt"/>
      <line num="167" count="1" type="stmt"/>
      <line num="168" count="0" type="stmt"/>
      <line num="170" count="0" type="stmt"/>
      <line num="171" count="0" type="stmt"/>
      <line num="174" count="0" type="cond" truecount="0" falsecount="2"/>
      <line num="175" count="0" type="stmt"/>
      <line num="178" count="0" type="stmt"/>
      <line num="181" count="0" type="cond" truecount="0" falsecount="2"/>
      <line num="182" count="0" type="stmt"/>
      <line num="184" count="0" type="stmt"/>
      <line num="185" count="0" type="cond" truecount="0" falsecount="2"/>
      <line num="186" count="0" type="stmt"/>
      <line num="187" count="0" type="stmt"/>
      <line num="190" count="0" type="cond" truecount="0" falsecount="2"/>
      <line num="193" count="1" type="stmt"/>
      <line num="197" count="3" type="stmt"/>
      <line num="207" count="3" type="stmt"/>
      <line num="214" count="1" type="stmt"/>
      <line num="215" count="1" type="stmt"/>
      <line num="216" count="1" type="stmt"/>
    </file>
    <file name="validator.ts" path="/Users/flyteng/Desktop/workspace/test/slucky/src/component/validator.ts">
      <metrics statements="43" coveredstatements="41" conditionals="22" coveredconditionals="15" methods="11" coveredmethods="10"/>
      <line num="33" count="1" type="stmt"/>
      <line num="34" count="1" type="stmt"/>
      <line num="35" count="1" type="stmt"/>
      <line num="36" count="1" type="stmt"/>
      <line num="41" count="17" type="stmt"/>
      <line num="42" count="17" type="stmt"/>
      <line num="43" count="17" type="stmt"/>
      <line num="44" count="17" type="stmt"/>
      <line num="45" count="23" type="cond" truecount="1" falsecount="1"/>
      <line num="46" count="23" type="stmt"/>
      <line num="47" count="23" type="stmt"/>
      <line num="48" count="23" type="cond" truecount="1" falsecount="1"/>
      <line num="49" count="23" type="stmt"/>
      <line num="52" count="17" type="stmt"/>
      <line num="56" count="23" type="stmt"/>
      <line num="57" count="23" type="cond" truecount="3" falsecount="1"/>
      <line num="58" count="0" type="stmt"/>
      <line num="60" count="23" type="stmt"/>
      <line num="65" count="23" type="stmt"/>
      <line num="66" count="23" type="stmt"/>
      <line num="67" count="23" type="cond" truecount="2" falsecount="0"/>
      <line num="68" count="9" type="stmt"/>
      <line num="69" count="9" type="stmt"/>
      <line num="73" count="23" type="stmt"/>
      <line num="77" count="17" type="cond" truecount="2" falsecount="0"/>
      <line num="78" count="17" type="stmt"/>
      <line num="79" count="22" type="cond" truecount="4" falsecount="0"/>
      <line num="80" count="9" type="stmt"/>
      <line num="83" count="8" type="stmt"/>
      <line num="88" count="0" type="cond" truecount="0" falsecount="2"/>
      <line num="95" count="1" type="stmt"/>
      <line num="101" count="1" type="stmt"/>
      <line num="103" count="5" type="stmt"/>
      <line num="108" count="1" type="stmt"/>
      <line num="110" count="6" type="cond" truecount="2" falsecount="0"/>
      <line num="115" count="1" type="stmt"/>
      <line num="117" count="6" type="stmt"/>
      <line num="122" count="1" type="stmt"/>
      <line num="124" count="2" type="stmt"/>
      <line num="129" count="1" type="stmt"/>
      <line num="131" count="2" type="stmt"/>
      <line num="136" count="1" type="stmt"/>
      <line num="138" count="2" type="stmt"/>
    </file>
  </project>
</coverage>
