{"/Users/flyteng/Desktop/workspace/test/slucky/src/component/checkbox.tsx": {"path":"/Users/flyteng/Desktop/workspace/test/slucky/src/component/checkbox.tsx","statementMap":{"0":{"start":{"line":37,"column":15},"end":{"line":37,"column":54}},"1":{"start":{"line":39,"column":25},"end":{"line":41,"column":5}},"2":{"start":{"line":40,"column":8},"end":{"line":40,"column":44}},"3":{"start":{"line":43,"column":4},"end":{"line":71,"column":6}},"4":{"start":{"line":75,"column":15},"end":{"line":75,"column":54}},"5":{"start":{"line":77,"column":25},"end":{"line":79,"column":5}},"6":{"start":{"line":78,"column":8},"end":{"line":78,"column":44}},"7":{"start":{"line":81,"column":4},"end":{"line":112,"column":6}},"8":{"start":{"line":116,"column":15},"end":{"line":116,"column":54}},"9":{"start":{"line":118,"column":25},"end":{"line":120,"column":5}},"10":{"start":{"line":119,"column":8},"end":{"line":119,"column":44}},"11":{"start":{"line":122,"column":4},"end":{"line":154,"column":6}},"12":{"start":{"line":157,"column":23},"end":{"line":212,"column":1}},"13":{"start":{"line":157,"column":43},"end":{"line":212,"column":1}},"14":{"start":{"line":158,"column":17},"end":{"line":158,"column":56}},"15":{"start":{"line":160,"column":22},"end":{"line":165,"column":5}},"16":{"start":{"line":161,"column":8},"end":{"line":163,"column":9}},"17":{"start":{"line":162,"column":12},"end":{"line":162,"column":55}},"18":{"start":{"line":164,"column":8},"end":{"line":164,"column":25}},"19":{"start":{"line":167,"column":21},"end":{"line":191,"column":5}},"20":{"start":{"line":168,"column":35},"end":{"line":168,"column":43}},"21":{"start":{"line":170,"column":45},"end":{"line":170,"column":47}},"22":{"start":{"line":171,"column":42},"end":{"line":171,"column":44}},"23":{"start":{"line":174,"column":8},"end":{"line":179,"column":9}},"24":{"start":{"line":175,"column":12},"end":{"line":175,"column":39}},"25":{"start":{"line":178,"column":12},"end":{"line":178,"column":45}},"26":{"start":{"line":181,"column":8},"end":{"line":189,"column":9}},"27":{"start":{"line":182,"column":12},"end":{"line":182,"column":37}},"28":{"start":{"line":184,"column":26},"end":{"line":184,"column":47}},"29":{"start":{"line":185,"column":12},"end":{"line":188,"column":13}},"30":{"start":{"line":186,"column":16},"end":{"line":186,"column":40}},"31":{"start":{"line":187,"column":16},"end":{"line":187,"column":34}},"32":{"start":{"line":190,"column":8},"end":{"line":190,"column":46}},"33":{"start":{"line":193,"column":4},"end":{"line":211,"column":6}},"34":{"start":{"line":197,"column":43},"end":{"line":206,"column":21}},"35":{"start":{"line":207,"column":20},"end":{"line":207,"column":73}},"36":{"start":{"line":214,"column":0},"end":{"line":214,"column":42}},"37":{"start":{"line":215,"column":0},"end":{"line":215,"column":54}},"38":{"start":{"line":216,"column":0},"end":{"line":216,"column":54}}},"fnMap":{"0":{"name":"Checkbox","decl":{"start":{"line":36,"column":24},"end":{"line":36,"column":32}},"loc":{"start":{"line":36,"column":68},"end":{"line":72,"column":1}},"line":36},"1":{"name":"(anonymous_1)","decl":{"start":{"line":39,"column":25},"end":{"line":39,"column":26}},"loc":{"start":{"line":39,"column":69},"end":{"line":41,"column":5}},"line":39},"2":{"name":"CheckboxFontIn","decl":{"start":{"line":74,"column":16},"end":{"line":74,"column":30}},"loc":{"start":{"line":74,"column":66},"end":{"line":113,"column":1}},"line":74},"3":{"name":"(anonymous_3)","decl":{"start":{"line":77,"column":25},"end":{"line":77,"column":26}},"loc":{"start":{"line":77,"column":69},"end":{"line":79,"column":5}},"line":77},"4":{"name":"CheckboxBorder","decl":{"start":{"line":115,"column":16},"end":{"line":115,"column":30}},"loc":{"start":{"line":115,"column":66},"end":{"line":155,"column":1}},"line":115},"5":{"name":"(anonymous_5)","decl":{"start":{"line":118,"column":25},"end":{"line":118,"column":26}},"loc":{"start":{"line":118,"column":69},"end":{"line":120,"column":5}},"line":118},"6":{"name":"(anonymous_6)","decl":{"start":{"line":157,"column":23},"end":{"line":157,"column":24}},"loc":{"start":{"line":157,"column":43},"end":{"line":212,"column":1}},"line":157},"7":{"name":"Group","decl":{"start":{"line":157,"column":52},"end":{"line":157,"column":57}},"loc":{"start":{"line":157,"column":98},"end":{"line":212,"column":1}},"line":157},"8":{"name":"(anonymous_8)","decl":{"start":{"line":160,"column":22},"end":{"line":160,"column":23}},"loc":{"start":{"line":160,"column":86},"end":{"line":165,"column":5}},"line":160},"9":{"name":"(anonymous_9)","decl":{"start":{"line":167,"column":21},"end":{"line":167,"column":22}},"loc":{"start":{"line":167,"column":65},"end":{"line":191,"column":5}},"line":167},"10":{"name":"(anonymous_10)","decl":{"start":{"line":196,"column":33},"end":{"line":196,"column":34}},"loc":{"start":{"line":196,"column":50},"end":{"line":208,"column":17}},"line":196}},"branchMap":{"0":{"loc":{"start":{"line":40,"column":8},"end":{"line":40,"column":43}},"type":"binary-expr","locations":[{"start":{"line":40,"column":8},"end":{"line":40,"column":22}},{"start":{"line":40,"column":26},"end":{"line":40,"column":43}}],"line":40},"1":{"loc":{"start":{"line":46,"column":16},"end":{"line":64,"column":18}},"type":"cond-expr","locations":[{"start":{"line":46,"column":46},"end":{"line":55,"column":18}},{"start":{"line":55,"column":21},"end":{"line":64,"column":18}}],"line":46},"2":{"loc":{"start":{"line":51,"column":26},"end":{"line":51,"column":42}},"type":"binary-expr","locations":[{"start":{"line":51,"column":26},"end":{"line":51,"column":36}},{"start":{"line":51,"column":40},"end":{"line":51,"column":42}}],"line":51},"3":{"loc":{"start":{"line":53,"column":36},"end":{"line":53,"column":65}},"type":"binary-expr","locations":[{"start":{"line":53,"column":36},"end":{"line":53,"column":56}},{"start":{"line":53,"column":60},"end":{"line":53,"column":65}}],"line":53},"4":{"loc":{"start":{"line":60,"column":26},"end":{"line":60,"column":42}},"type":"binary-expr","locations":[{"start":{"line":60,"column":26},"end":{"line":60,"column":36}},{"start":{"line":60,"column":40},"end":{"line":60,"column":42}}],"line":60},"5":{"loc":{"start":{"line":69,"column":57},"end":{"line":69,"column":74}},"type":"binary-expr","locations":[{"start":{"line":69,"column":57},"end":{"line":69,"column":68}},{"start":{"line":69,"column":72},"end":{"line":69,"column":74}}],"line":69},"6":{"loc":{"start":{"line":78,"column":8},"end":{"line":78,"column":43}},"type":"binary-expr","locations":[{"start":{"line":78,"column":8},"end":{"line":78,"column":22}},{"start":{"line":78,"column":26},"end":{"line":78,"column":43}}],"line":78},"7":{"loc":{"start":{"line":84,"column":16},"end":{"line":104,"column":18}},"type":"cond-expr","locations":[{"start":{"line":84,"column":46},"end":{"line":94,"column":18}},{"start":{"line":94,"column":21},"end":{"line":104,"column":18}}],"line":84},"8":{"loc":{"start":{"line":92,"column":36},"end":{"line":92,"column":65}},"type":"binary-expr","locations":[{"start":{"line":92,"column":36},"end":{"line":92,"column":56}},{"start":{"line":92,"column":60},"end":{"line":92,"column":65}}],"line":92},"9":{"loc":{"start":{"line":109,"column":38},"end":{"line":109,"column":55}},"type":"binary-expr","locations":[{"start":{"line":109,"column":38},"end":{"line":109,"column":49}},{"start":{"line":109,"column":53},"end":{"line":109,"column":55}}],"line":109},"10":{"loc":{"start":{"line":119,"column":8},"end":{"line":119,"column":43}},"type":"binary-expr","locations":[{"start":{"line":119,"column":8},"end":{"line":119,"column":22}},{"start":{"line":119,"column":26},"end":{"line":119,"column":43}}],"line":119},"11":{"loc":{"start":{"line":125,"column":16},"end":{"line":145,"column":18}},"type":"cond-expr","locations":[{"start":{"line":125,"column":46},"end":{"line":135,"column":18}},{"start":{"line":135,"column":21},"end":{"line":145,"column":18}}],"line":125},"12":{"loc":{"start":{"line":133,"column":36},"end":{"line":133,"column":65}},"type":"binary-expr","locations":[{"start":{"line":133,"column":36},"end":{"line":133,"column":56}},{"start":{"line":133,"column":60},"end":{"line":133,"column":65}}],"line":133},"13":{"loc":{"start":{"line":151,"column":38},"end":{"line":151,"column":55}},"type":"binary-expr","locations":[{"start":{"line":151,"column":38},"end":{"line":151,"column":49}},{"start":{"line":151,"column":53},"end":{"line":151,"column":55}}],"line":151},"14":{"loc":{"start":{"line":161,"column":8},"end":{"line":163,"column":9}},"type":"if","locations":[{"start":{"line":161,"column":8},"end":{"line":163,"column":9}},{"start":{"line":161,"column":8},"end":{"line":163,"column":9}}],"line":161},"15":{"loc":{"start":{"line":174,"column":8},"end":{"line":179,"column":9}},"type":"if","locations":[{"start":{"line":174,"column":8},"end":{"line":179,"column":9}},{"start":{"line":174,"column":8},"end":{"line":179,"column":9}}],"line":174},"16":{"loc":{"start":{"line":181,"column":8},"end":{"line":189,"column":9}},"type":"if","locations":[{"start":{"line":181,"column":8},"end":{"line":189,"column":9}},{"start":{"line":181,"column":8},"end":{"line":189,"column":9}}],"line":181},"17":{"loc":{"start":{"line":185,"column":12},"end":{"line":188,"column":13}},"type":"if","locations":[{"start":{"line":185,"column":12},"end":{"line":188,"column":13}},{"start":{"line":185,"column":12},"end":{"line":188,"column":13}}],"line":185},"18":{"loc":{"start":{"line":190,"column":8},"end":{"line":190,"column":45}},"type":"binary-expr","locations":[{"start":{"line":190,"column":8},"end":{"line":190,"column":22}},{"start":{"line":190,"column":26},"end":{"line":190,"column":45}}],"line":190},"19":{"loc":{"start":{"line":194,"column":24},"end":{"line":194,"column":45}},"type":"binary-expr","locations":[{"start":{"line":194,"column":24},"end":{"line":194,"column":39}},{"start":{"line":194,"column":43},"end":{"line":194,"column":45}}],"line":194},"20":{"loc":{"start":{"line":198,"column":50},"end":{"line":198,"column":74}},"type":"binary-expr","locations":[{"start":{"line":198,"column":50},"end":{"line":198,"column":68}},{"start":{"line":198,"column":72},"end":{"line":198,"column":74}}],"line":198},"21":{"loc":{"start":{"line":203,"column":34},"end":{"line":203,"column":65}},"type":"binary-expr","locations":[{"start":{"line":203,"column":34},"end":{"line":203,"column":47}},{"start":{"line":203,"column":51},"end":{"line":203,"column":65}}],"line":203}},"s":{"0":4,"1":4,"2":1,"3":4,"4":0,"5":0,"6":0,"7":0,"8":0,"9":0,"10":0,"11":0,"12":1,"13":3,"14":1,"15":1,"16":6,"17":3,"18":3,"19":1,"20":0,"21":0,"22":0,"23":0,"24":0,"25":0,"26":0,"27":0,"28":0,"29":0,"30":0,"31":0,"32":0,"33":1,"34":3,"35":3,"36":1,"37":1,"38":1},"f":{"0":4,"1":1,"2":0,"3":0,"4":0,"5":0,"6":3,"7":1,"8":6,"9":0,"10":3},"b":{"0":[1,1],"1":[4,0],"2":[4,1],"3":[4,3],"4":[0,0],"5":[4,0],"6":[0,0],"7":[0,0],"8":[0,0],"9":[0,0],"10":[0,0],"11":[0,0],"12":[0,0],"13":[0,0],"14":[3,3],"15":[0,0],"16":[0,0],"17":[0,0],"18":[0,0],"19":[1,0],"20":[3,0],"21":[3,3]},"_coverageSchema":"43e27e138ebf9cfc5966b082cf9a028302ed4184","hash":"cc86e35f8e8b41b5af38ba43cb9e66cd4026a731"}
}
