{"/Users/flyteng/Desktop/workspace/test/slucky/src/component/checkbox.tsx": {"path":"/Users/flyteng/Desktop/workspace/test/slucky/src/component/checkbox.tsx","statementMap":{"0":{"start":{"line":22,"column":15},"end":{"line":22,"column":54}},"1":{"start":{"line":24,"column":25},"end":{"line":26,"column":5}},"2":{"start":{"line":25,"column":8},"end":{"line":25,"column":44}},"3":{"start":{"line":28,"column":4},"end":{"line":56,"column":6}},"4":{"start":{"line":60,"column":15},"end":{"line":60,"column":54}},"5":{"start":{"line":62,"column":25},"end":{"line":64,"column":5}},"6":{"start":{"line":63,"column":8},"end":{"line":63,"column":44}},"7":{"start":{"line":66,"column":4},"end":{"line":97,"column":6}},"8":{"start":{"line":101,"column":15},"end":{"line":101,"column":54}},"9":{"start":{"line":103,"column":25},"end":{"line":105,"column":5}},"10":{"start":{"line":104,"column":8},"end":{"line":104,"column":44}},"11":{"start":{"line":107,"column":4},"end":{"line":139,"column":6}},"12":{"start":{"line":157,"column":23},"end":{"line":212,"column":1}},"13":{"start":{"line":157,"column":43},"end":{"line":212,"column":1}},"14":{"start":{"line":158,"column":17},"end":{"line":158,"column":56}},"15":{"start":{"line":160,"column":22},"end":{"line":165,"column":5}},"16":{"start":{"line":161,"column":8},"end":{"line":163,"column":9}},"17":{"start":{"line":162,"column":12},"end":{"line":162,"column":55}},"18":{"start":{"line":164,"column":8},"end":{"line":164,"column":25}},"19":{"start":{"line":167,"column":21},"end":{"line":191,"column":5}},"20":{"start":{"line":168,"column":35},"end":{"line":168,"column":43}},"21":{"start":{"line":170,"column":45},"end":{"line":170,"column":47}},"22":{"start":{"line":171,"column":42},"end":{"line":171,"column":44}},"23":{"start":{"line":174,"column":8},"end":{"line":179,"column":9}},"24":{"start":{"line":175,"column":12},"end":{"line":175,"column":39}},"25":{"start":{"line":178,"column":12},"end":{"line":178,"column":45}},"26":{"start":{"line":181,"column":8},"end":{"line":189,"column":9}},"27":{"start":{"line":182,"column":12},"end":{"line":182,"column":37}},"28":{"start":{"line":184,"column":26},"end":{"line":184,"column":47}},"29":{"start":{"line":185,"column":12},"end":{"line":188,"column":13}},"30":{"start":{"line":186,"column":16},"end":{"line":186,"column":40}},"31":{"start":{"line":187,"column":16},"end":{"line":187,"column":34}},"32":{"start":{"line":190,"column":8},"end":{"line":190,"column":46}},"33":{"start":{"line":193,"column":4},"end":{"line":211,"column":6}},"34":{"start":{"line":197,"column":43},"end":{"line":206,"column":21}},"35":{"start":{"line":207,"column":20},"end":{"line":207,"column":73}},"36":{"start":{"line":214,"column":0},"end":{"line":214,"column":42}},"37":{"start":{"line":215,"column":0},"end":{"line":215,"column":54}},"38":{"start":{"line":216,"column":0},"end":{"line":216,"column":54}}},"fnMap":{"0":{"name":"Checkbox","decl":{"start":{"line":21,"column":24},"end":{"line":21,"column":32}},"loc":{"start":{"line":21,"column":68},"end":{"line":57,"column":1}},"line":21},"1":{"name":"(anonymous_1)","decl":{"start":{"line":24,"column":25},"end":{"line":24,"column":26}},"loc":{"start":{"line":24,"column":69},"end":{"line":26,"column":5}},"line":24},"2":{"name":"CheckboxFontIn","decl":{"start":{"line":59,"column":16},"end":{"line":59,"column":30}},"loc":{"start":{"line":59,"column":66},"end":{"line":98,"column":1}},"line":59},"3":{"name":"(anonymous_3)","decl":{"start":{"line":62,"column":25},"end":{"line":62,"column":26}},"loc":{"start":{"line":62,"column":69},"end":{"line":64,"column":5}},"line":62},"4":{"name":"CheckboxBorder","decl":{"start":{"line":100,"column":16},"end":{"line":100,"column":30}},"loc":{"start":{"line":100,"column":66},"end":{"line":140,"column":1}},"line":100},"5":{"name":"(anonymous_5)","decl":{"start":{"line":103,"column":25},"end":{"line":103,"column":26}},"loc":{"start":{"line":103,"column":69},"end":{"line":105,"column":5}},"line":103},"6":{"name":"(anonymous_6)","decl":{"start":{"line":157,"column":23},"end":{"line":157,"column":24}},"loc":{"start":{"line":157,"column":43},"end":{"line":212,"column":1}},"line":157},"7":{"name":"Group","decl":{"start":{"line":157,"column":52},"end":{"line":157,"column":57}},"loc":{"start":{"line":157,"column":90},"end":{"line":212,"column":1}},"line":157},"8":{"name":"(anonymous_8)","decl":{"start":{"line":160,"column":22},"end":{"line":160,"column":23}},"loc":{"start":{"line":160,"column":86},"end":{"line":165,"column":5}},"line":160},"9":{"name":"(anonymous_9)","decl":{"start":{"line":167,"column":21},"end":{"line":167,"column":22}},"loc":{"start":{"line":167,"column":65},"end":{"line":191,"column":5}},"line":167},"10":{"name":"(anonymous_10)","decl":{"start":{"line":196,"column":33},"end":{"line":196,"column":34}},"loc":{"start":{"line":196,"column":50},"end":{"line":208,"column":17}},"line":196}},"branchMap":{"0":{"loc":{"start":{"line":25,"column":8},"end":{"line":25,"column":43}},"type":"binary-expr","locations":[{"start":{"line":25,"column":8},"end":{"line":25,"column":22}},{"start":{"line":25,"column":26},"end":{"line":25,"column":43}}],"line":25},"1":{"loc":{"start":{"line":31,"column":16},"end":{"line":49,"column":18}},"type":"cond-expr","locations":[{"start":{"line":31,"column":46},"end":{"line":40,"column":18}},{"start":{"line":40,"column":21},"end":{"line":49,"column":18}}],"line":31},"2":{"loc":{"start":{"line":36,"column":26},"end":{"line":36,"column":42}},"type":"binary-expr","locations":[{"start":{"line":36,"column":26},"end":{"line":36,"column":36}},{"start":{"line":36,"column":40},"end":{"line":36,"column":42}}],"line":36},"3":{"loc":{"start":{"line":38,"column":36},"end":{"line":38,"column":65}},"type":"binary-expr","locations":[{"start":{"line":38,"column":36},"end":{"line":38,"column":56}},{"start":{"line":38,"column":60},"end":{"line":38,"column":65}}],"line":38},"4":{"loc":{"start":{"line":45,"column":26},"end":{"line":45,"column":42}},"type":"binary-expr","locations":[{"start":{"line":45,"column":26},"end":{"line":45,"column":36}},{"start":{"line":45,"column":40},"end":{"line":45,"column":42}}],"line":45},"5":{"loc":{"start":{"line":54,"column":57},"end":{"line":54,"column":74}},"type":"binary-expr","locations":[{"start":{"line":54,"column":57},"end":{"line":54,"column":68}},{"start":{"line":54,"column":72},"end":{"line":54,"column":74}}],"line":54},"6":{"loc":{"start":{"line":63,"column":8},"end":{"line":63,"column":43}},"type":"binary-expr","locations":[{"start":{"line":63,"column":8},"end":{"line":63,"column":22}},{"start":{"line":63,"column":26},"end":{"line":63,"column":43}}],"line":63},"7":{"loc":{"start":{"line":69,"column":16},"end":{"line":89,"column":18}},"type":"cond-expr","locations":[{"start":{"line":69,"column":46},"end":{"line":79,"column":18}},{"start":{"line":79,"column":21},"end":{"line":89,"column":18}}],"line":69},"8":{"loc":{"start":{"line":77,"column":36},"end":{"line":77,"column":65}},"type":"binary-expr","locations":[{"start":{"line":77,"column":36},"end":{"line":77,"column":56}},{"start":{"line":77,"column":60},"end":{"line":77,"column":65}}],"line":77},"9":{"loc":{"start":{"line":94,"column":38},"end":{"line":94,"column":55}},"type":"binary-expr","locations":[{"start":{"line":94,"column":38},"end":{"line":94,"column":49}},{"start":{"line":94,"column":53},"end":{"line":94,"column":55}}],"line":94},"10":{"loc":{"start":{"line":104,"column":8},"end":{"line":104,"column":43}},"type":"binary-expr","locations":[{"start":{"line":104,"column":8},"end":{"line":104,"column":22}},{"start":{"line":104,"column":26},"end":{"line":104,"column":43}}],"line":104},"11":{"loc":{"start":{"line":110,"column":16},"end":{"line":130,"column":18}},"type":"cond-expr","locations":[{"start":{"line":110,"column":46},"end":{"line":120,"column":18}},{"start":{"line":120,"column":21},"end":{"line":130,"column":18}}],"line":110},"12":{"loc":{"start":{"line":118,"column":36},"end":{"line":118,"column":65}},"type":"binary-expr","locations":[{"start":{"line":118,"column":36},"end":{"line":118,"column":56}},{"start":{"line":118,"column":60},"end":{"line":118,"column":65}}],"line":118},"13":{"loc":{"start":{"line":136,"column":38},"end":{"line":136,"column":55}},"type":"binary-expr","locations":[{"start":{"line":136,"column":38},"end":{"line":136,"column":49}},{"start":{"line":136,"column":53},"end":{"line":136,"column":55}}],"line":136},"14":{"loc":{"start":{"line":161,"column":8},"end":{"line":163,"column":9}},"type":"if","locations":[{"start":{"line":161,"column":8},"end":{"line":163,"column":9}},{"start":{"line":161,"column":8},"end":{"line":163,"column":9}}],"line":161},"15":{"loc":{"start":{"line":174,"column":8},"end":{"line":179,"column":9}},"type":"if","locations":[{"start":{"line":174,"column":8},"end":{"line":179,"column":9}},{"start":{"line":174,"column":8},"end":{"line":179,"column":9}}],"line":174},"16":{"loc":{"start":{"line":181,"column":8},"end":{"line":189,"column":9}},"type":"if","locations":[{"start":{"line":181,"column":8},"end":{"line":189,"column":9}},{"start":{"line":181,"column":8},"end":{"line":189,"column":9}}],"line":181},"17":{"loc":{"start":{"line":185,"column":12},"end":{"line":188,"column":13}},"type":"if","locations":[{"start":{"line":185,"column":12},"end":{"line":188,"column":13}},{"start":{"line":185,"column":12},"end":{"line":188,"column":13}}],"line":185},"18":{"loc":{"start":{"line":190,"column":8},"end":{"line":190,"column":45}},"type":"binary-expr","locations":[{"start":{"line":190,"column":8},"end":{"line":190,"column":22}},{"start":{"line":190,"column":26},"end":{"line":190,"column":45}}],"line":190},"19":{"loc":{"start":{"line":194,"column":24},"end":{"line":194,"column":45}},"type":"binary-expr","locations":[{"start":{"line":194,"column":24},"end":{"line":194,"column":39}},{"start":{"line":194,"column":43},"end":{"line":194,"column":45}}],"line":194},"20":{"loc":{"start":{"line":198,"column":50},"end":{"line":198,"column":74}},"type":"binary-expr","locations":[{"start":{"line":198,"column":50},"end":{"line":198,"column":68}},{"start":{"line":198,"column":72},"end":{"line":198,"column":74}}],"line":198},"21":{"loc":{"start":{"line":203,"column":34},"end":{"line":203,"column":65}},"type":"binary-expr","locations":[{"start":{"line":203,"column":34},"end":{"line":203,"column":47}},{"start":{"line":203,"column":51},"end":{"line":203,"column":65}}],"line":203}},"s":{"0":4,"1":4,"2":1,"3":4,"4":0,"5":0,"6":0,"7":0,"8":0,"9":0,"10":0,"11":0,"12":1,"13":3,"14":1,"15":1,"16":6,"17":3,"18":3,"19":1,"20":0,"21":0,"22":0,"23":0,"24":0,"25":0,"26":0,"27":0,"28":0,"29":0,"30":0,"31":0,"32":0,"33":1,"34":3,"35":3,"36":1,"37":1,"38":1},"f":{"0":4,"1":1,"2":0,"3":0,"4":0,"5":0,"6":3,"7":1,"8":6,"9":0,"10":3},"b":{"0":[1,1],"1":[4,0],"2":[4,1],"3":[4,3],"4":[0,0],"5":[4,0],"6":[0,0],"7":[0,0],"8":[0,0],"9":[0,0],"10":[0,0],"11":[0,0],"12":[0,0],"13":[0,0],"14":[3,3],"15":[0,0],"16":[0,0],"17":[0,0],"18":[0,0],"19":[1,0],"20":[3,0],"21":[3,3]},"_coverageSchema":"43e27e138ebf9cfc5966b082cf9a028302ed4184","hash":"d6cda47df361f6aee1de29f8d96dc26b761c54e6"}
,"/Users/flyteng/Desktop/workspace/test/slucky/src/component/validator.ts": {"path":"/Users/flyteng/Desktop/workspace/test/slucky/src/component/validator.ts","statementMap":{"0":{"start":{"line":33,"column":37},"end":{"line":33,"column":39}},"1":{"start":{"line":34,"column":37},"end":{"line":34,"column":39}},"2":{"start":{"line":35,"column":39},"end":{"line":35,"column":41}},"3":{"start":{"line":36,"column":35},"end":{"line":36,"column":37}},"4":{"start":{"line":41,"column":8},"end":{"line":41,"column":25}},"5":{"start":{"line":42,"column":8},"end":{"line":42,"column":25}},"6":{"start":{"line":43,"column":21},"end":{"line":43,"column":38}},"7":{"start":{"line":44,"column":8},"end":{"line":51,"column":9}},"8":{"start":{"line":45,"column":24},"end":{"line":45,"column":42}},"9":{"start":{"line":46,"column":26},"end":{"line":46,"column":35}},"10":{"start":{"line":47,"column":24},"end":{"line":47,"column":53}},"11":{"start":{"line":48,"column":12},"end":{"line":50,"column":13}},"12":{"start":{"line":49,"column":16},"end":{"line":49,"column":39}},"13":{"start":{"line":52,"column":8},"end":{"line":52,"column":27}},"14":{"start":{"line":56,"column":32},"end":{"line":56,"column":48}},"15":{"start":{"line":57,"column":8},"end":{"line":59,"column":9}},"16":{"start":{"line":58,"column":12},"end":{"line":58,"column":29}},"17":{"start":{"line":60,"column":45},"end":{"line":63,"column":9}},"18":{"start":{"line":65,"column":8},"end":{"line":71,"column":9}},"19":{"start":{"line":66,"column":28},"end":{"line":66,"column":56}},"20":{"start":{"line":67,"column":12},"end":{"line":70,"column":13}},"21":{"start":{"line":68,"column":16},"end":{"line":68,"column":39}},"22":{"start":{"line":69,"column":16},"end":{"line":69,"column":50}},"23":{"start":{"line":73,"column":8},"end":{"line":73,"column":22}},"24":{"start":{"line":77,"column":8},"end":{"line":77,"column":36}},"25":{"start":{"line":78,"column":8},"end":{"line":82,"column":9}},"26":{"start":{"line":79,"column":12},"end":{"line":81,"column":13}},"27":{"start":{"line":80,"column":16},"end":{"line":80,"column":29}},"28":{"start":{"line":83,"column":8},"end":{"line":83,"column":20}},"29":{"start":{"line":88,"column":8},"end":{"line":91,"column":24}},"30":{"start":{"line":95,"column":8},"end":{"line":95,"column":25}},"31":{"start":{"line":101,"column":0},"end":{"line":106,"column":2}},"32":{"start":{"line":103,"column":8},"end":{"line":103,"column":28}},"33":{"start":{"line":108,"column":0},"end":{"line":113,"column":2}},"34":{"start":{"line":110,"column":8},"end":{"line":110,"column":58}},"35":{"start":{"line":115,"column":0},"end":{"line":120,"column":2}},"36":{"start":{"line":117,"column":8},"end":{"line":117,"column":40}},"37":{"start":{"line":122,"column":0},"end":{"line":127,"column":2}},"38":{"start":{"line":124,"column":8},"end":{"line":124,"column":63}},"39":{"start":{"line":129,"column":0},"end":{"line":134,"column":2}},"40":{"start":{"line":131,"column":8},"end":{"line":131,"column":75}},"41":{"start":{"line":136,"column":0},"end":{"line":141,"column":2}},"42":{"start":{"line":138,"column":8},"end":{"line":138,"column":58}}},"fnMap":{"0":{"name":"(anonymous_0)","decl":{"start":{"line":40,"column":4},"end":{"line":40,"column":5}},"loc":{"start":{"line":40,"column":64},"end":{"line":53,"column":5}},"line":40},"1":{"name":"(anonymous_1)","decl":{"start":{"line":55,"column":4},"end":{"line":55,"column":5}},"loc":{"start":{"line":55,"column":76},"end":{"line":74,"column":5}},"line":55},"2":{"name":"(anonymous_2)","decl":{"start":{"line":76,"column":4},"end":{"line":76,"column":5}},"loc":{"start":{"line":76,"column":61},"end":{"line":84,"column":5}},"line":76},"3":{"name":"(anonymous_3)","decl":{"start":{"line":87,"column":4},"end":{"line":87,"column":5}},"loc":{"start":{"line":87,"column":57},"end":{"line":92,"column":5}},"line":87},"4":{"name":"(anonymous_4)","decl":{"start":{"line":94,"column":4},"end":{"line":94,"column":5}},"loc":{"start":{"line":94,"column":25},"end":{"line":96,"column":5}},"line":94},"5":{"name":"(anonymous_5)","decl":{"start":{"line":102,"column":4},"end":{"line":102,"column":5}},"loc":{"start":{"line":102,"column":34},"end":{"line":104,"column":5}},"line":102},"6":{"name":"(anonymous_6)","decl":{"start":{"line":109,"column":4},"end":{"line":109,"column":5}},"loc":{"start":{"line":109,"column":27},"end":{"line":111,"column":5}},"line":109},"7":{"name":"(anonymous_7)","decl":{"start":{"line":116,"column":4},"end":{"line":116,"column":5}},"loc":{"start":{"line":116,"column":20},"end":{"line":118,"column":5}},"line":116},"8":{"name":"(anonymous_8)","decl":{"start":{"line":123,"column":4},"end":{"line":123,"column":5}},"loc":{"start":{"line":123,"column":20},"end":{"line":125,"column":5}},"line":123},"9":{"name":"(anonymous_9)","decl":{"start":{"line":130,"column":4},"end":{"line":130,"column":5}},"loc":{"start":{"line":130,"column":20},"end":{"line":132,"column":5}},"line":130},"10":{"name":"(anonymous_10)","decl":{"start":{"line":137,"column":4},"end":{"line":137,"column":5}},"loc":{"start":{"line":137,"column":20},"end":{"line":139,"column":5}},"line":137}},"branchMap":{"0":{"loc":{"start":{"line":45,"column":24},"end":{"line":45,"column":42}},"type":"binary-expr","locations":[{"start":{"line":45,"column":24},"end":{"line":45,"column":36}},{"start":{"line":45,"column":40},"end":{"line":45,"column":42}}],"line":45},"1":{"loc":{"start":{"line":48,"column":12},"end":{"line":50,"column":13}},"type":"if","locations":[{"start":{"line":48,"column":12},"end":{"line":50,"column":13}},{"start":{"line":48,"column":12},"end":{"line":50,"column":13}}],"line":48},"2":{"loc":{"start":{"line":57,"column":8},"end":{"line":59,"column":9}},"type":"if","locations":[{"start":{"line":57,"column":8},"end":{"line":59,"column":9}},{"start":{"line":57,"column":8},"end":{"line":59,"column":9}}],"line":57},"3":{"loc":{"start":{"line":57,"column":12},"end":{"line":57,"column":63}},"type":"binary-expr","locations":[{"start":{"line":57,"column":12},"end":{"line":57,"column":28}},{"start":{"line":57,"column":32},"end":{"line":57,"column":63}}],"line":57},"4":{"loc":{"start":{"line":67,"column":12},"end":{"line":70,"column":13}},"type":"if","locations":[{"start":{"line":67,"column":12},"end":{"line":70,"column":13}},{"start":{"line":67,"column":12},"end":{"line":70,"column":13}}],"line":67},"5":{"loc":{"start":{"line":76,"column":20},"end":{"line":76,"column":50}},"type":"default-arg","locations":[{"start":{"line":76,"column":48},"end":{"line":76,"column":50}}],"line":76},"6":{"loc":{"start":{"line":77,"column":8},"end":{"line":77,"column":35}},"type":"binary-expr","locations":[{"start":{"line":77,"column":8},"end":{"line":77,"column":12}},{"start":{"line":77,"column":16},"end":{"line":77,"column":35}}],"line":77},"7":{"loc":{"start":{"line":79,"column":12},"end":{"line":81,"column":13}},"type":"if","locations":[{"start":{"line":79,"column":12},"end":{"line":81,"column":13}},{"start":{"line":79,"column":12},"end":{"line":81,"column":13}}],"line":79},"8":{"loc":{"start":{"line":79,"column":16},"end":{"line":79,"column":77}},"type":"binary-expr","locations":[{"start":{"line":79,"column":16},"end":{"line":79,"column":47}},{"start":{"line":79,"column":51},"end":{"line":79,"column":77}}],"line":79},"9":{"loc":{"start":{"line":87,"column":37},"end":{"line":87,"column":47}},"type":"default-arg","locations":[{"start":{"line":87,"column":44},"end":{"line":87,"column":47}}],"line":87},"10":{"loc":{"start":{"line":88,"column":15},"end":{"line":91,"column":23}},"type":"binary-expr","locations":[{"start":{"line":88,"column":15},"end":{"line":88,"column":32}},{"start":{"line":88,"column":36},"end":{"line":91,"column":23}}],"line":88},"11":{"loc":{"start":{"line":110,"column":15},"end":{"line":110,"column":57}},"type":"binary-expr","locations":[{"start":{"line":110,"column":15},"end":{"line":110,"column":35}},{"start":{"line":110,"column":39},"end":{"line":110,"column":57}}],"line":110}},"s":{"0":1,"1":1,"2":1,"3":1,"4":17,"5":17,"6":17,"7":17,"8":23,"9":23,"10":23,"11":23,"12":23,"13":17,"14":23,"15":23,"16":0,"17":23,"18":23,"19":23,"20":23,"21":9,"22":9,"23":23,"24":17,"25":17,"26":22,"27":9,"28":8,"29":0,"30":1,"31":1,"32":5,"33":1,"34":6,"35":1,"36":6,"37":1,"38":2,"39":1,"40":2,"41":1,"42":2},"f":{"0":17,"1":23,"2":17,"3":0,"4":1,"5":5,"6":6,"7":6,"8":2,"9":2,"10":2},"b":{"0":[23,0],"1":[23,0],"2":[0,23],"3":[23,23],"4":[9,14],"5":[0],"6":[17,17],"7":[9,13],"8":[22,22],"9":[0],"10":[0,0],"11":[6,4]},"_coverageSchema":"43e27e138ebf9cfc5966b082cf9a028302ed4184","hash":"cb25ab397245c71e390c36ce624140d321aa320a"}
}
