TN:
SF:/Users/flyteng/Desktop/workspace/test/slucky/src/component/checkbox.jsx
FN:4,(anonymous_0)
FN:9,(anonymous_1)
FN:13,(anonymous_2)
FN:26,(anonymous_3)
FN:36,(anonymous_4)
FN:48,(anonymous_5)
FN:53,(anonymous_6)
FN:57,(anonymous_7)
FN:70,(anonymous_8)
FN:80,(anonymous_9)
FN:94,(anonymous_10)
FN:99,(anonymous_11)
FN:103,(anonymous_12)
FN:116,(anonymous_13)
FN:126,(anonymous_14)
FN:140,(anonymous_15)
FN:141,(anonymous_16)
FN:150,(anonymous_17)
FN:156,(anonymous_18)
FN:173,(anonymous_19)
FN:187,(anonymous_20)
FN:190,(anonymous_21)
FN:196,(anonymous_22)
FN:200,(anonymous_23)
FN:210,(anonymous_24)
FNF:25
FNH:9
FNDA:4,(anonymous_0)
FNDA:1,(anonymous_1)
FNDA:4,(anonymous_2)
FNDA:1,(anonymous_3)
FNDA:0,(anonymous_4)
FNDA:0,(anonymous_5)
FNDA:0,(anonymous_6)
FNDA:0,(anonymous_7)
FNDA:0,(anonymous_8)
FNDA:0,(anonymous_9)
FNDA:0,(anonymous_10)
FNDA:0,(anonymous_11)
FNDA:0,(anonymous_12)
FNDA:0,(anonymous_13)
FNDA:0,(anonymous_14)
FNDA:3,(anonymous_15)
FNDA:1,(anonymous_16)
FNDA:0,(anonymous_17)
FNDA:0,(anonymous_18)
FNDA:0,(anonymous_19)
FNDA:0,(anonymous_20)
FNDA:6,(anonymous_21)
FNDA:1,(anonymous_22)
FNDA:3,(anonymous_23)
FNDA:0,(anonymous_24)
DA:5,4
DA:6,4
DA:10,1
DA:14,4
DA:26,1
DA:36,0
DA:49,0
DA:50,0
DA:54,0
DA:58,0
DA:70,0
DA:80,0
DA:95,0
DA:96,0
DA:100,0
DA:104,0
DA:116,0
DA:126,0
DA:140,3
DA:142,1
DA:143,1
DA:144,1
DA:151,0
DA:157,0
DA:158,0
DA:159,0
DA:160,0
DA:162,0
DA:163,0
DA:165,0
DA:166,0
DA:167,0
DA:168,0
DA:171,0
DA:173,0
DA:176,0
DA:177,0
DA:179,0
DA:180,0
DA:181,0
DA:182,0
DA:185,0
DA:187,0
DA:191,6
DA:192,3
DA:194,3
DA:197,1
DA:201,3
DA:210,0
DA:219,1
DA:220,1
DA:221,1
LF:52
LH:17
BRDA:15,0,0,4
BRDA:15,0,1,4
BRDA:17,1,0,4
BRDA:17,1,1,0
BRDA:23,2,0,4
BRDA:23,2,1,1
BRDA:25,3,0,4
BRDA:25,3,1,3
BRDA:35,4,0,0
BRDA:35,4,1,0
BRDA:42,5,0,4
BRDA:42,5,1,0
BRDA:61,6,0,0
BRDA:61,6,1,0
BRDA:69,7,0,0
BRDA:69,7,1,0
BRDA:79,8,0,0
BRDA:79,8,1,0
BRDA:86,9,0,0
BRDA:86,9,1,0
BRDA:107,10,0,0
BRDA:107,10,1,0
BRDA:115,11,0,0
BRDA:115,11,1,0
BRDA:125,12,0,0
BRDA:125,12,1,0
BRDA:133,13,0,0
BRDA:133,13,1,0
BRDA:147,14,0,1
BRDA:147,14,1,0
BRDA:160,15,0,0
BRDA:160,15,1,0
BRDA:162,16,0,0
BRDA:162,16,1,0
BRDA:166,17,0,0
BRDA:166,17,1,0
BRDA:176,18,0,0
BRDA:176,18,1,0
BRDA:180,19,0,0
BRDA:180,19,1,0
BRDA:191,20,0,3
BRDA:191,20,1,3
BRDA:198,21,0,1
BRDA:198,21,1,0
BRDA:200,22,0,0
BRDA:200,22,1,1
BRDA:203,23,0,3
BRDA:203,23,1,0
BRDA:208,24,0,3
BRDA:208,24,1,3
BRF:50
BRH:16
end_of_record
TN:
SF:/Users/flyteng/Desktop/workspace/test/slucky/src/component/text.tsx
FN:14,(anonymous_0)
FN:24,(anonymous_1)
FN:47,(anonymous_2)
FNF:3
FNH:2
FNDA:0,(anonymous_0)
FNDA:7,(anonymous_1)
FNDA:7,(anonymous_2)
DA:15,0
DA:24,7
DA:25,7
DA:27,4
DA:28,4
DA:29,4
DA:30,4
DA:31,1
DA:32,1
DA:35,4
DA:36,4
DA:37,4
DA:40,4
DA:42,4
DA:43,1
DA:45,3
DA:48,7
DA:56,1
LF:18
LH:17
BRDA:25,0,0,3
BRDA:25,0,1,4
BRDA:30,1,0,1
BRDA:30,1,1,3
BRDA:42,2,0,1
BRDA:42,2,1,3
BRF:6
BRH:6
end_of_record
