TN:
SF:/Users/flyteng/Desktop/workspace/test/slucky/src/component/checkbox.tsx
FN:36,Checkbox
FN:39,(anonymous_1)
FN:74,CheckboxFontIn
FN:77,(anonymous_3)
FN:115,CheckboxBorder
FN:118,(anonymous_5)
FN:157,(anonymous_6)
FN:157,Group
FN:160,(anonymous_8)
FN:167,(anonymous_9)
FN:196,(anonymous_10)
FNF:11
FNH:6
FNDA:4,Checkbox
FNDA:1,(anonymous_1)
FNDA:0,CheckboxFontIn
FNDA:0,(anonymous_3)
FNDA:0,CheckboxBorder
FNDA:0,(anonymous_5)
FNDA:3,(anonymous_6)
FNDA:1,Group
FNDA:6,(anonymous_8)
FNDA:0,(anonymous_9)
FNDA:3,(anonymous_10)
DA:37,4
DA:39,4
DA:40,1
DA:43,4
DA:75,0
DA:77,0
DA:78,0
DA:81,0
DA:116,0
DA:118,0
DA:119,0
DA:122,0
DA:157,3
DA:158,1
DA:160,1
DA:161,6
DA:162,3
DA:164,3
DA:167,1
DA:168,0
DA:170,0
DA:171,0
DA:174,0
DA:175,0
DA:178,0
DA:181,0
DA:182,0
DA:184,0
DA:185,0
DA:186,0
DA:187,0
DA:190,0
DA:193,1
DA:197,3
DA:207,3
DA:214,1
DA:215,1
DA:216,1
LF:38
LH:17
BRDA:40,0,0,1
BRDA:40,0,1,1
BRDA:46,1,0,4
BRDA:46,1,1,0
BRDA:51,2,0,4
BRDA:51,2,1,1
BRDA:53,3,0,4
BRDA:53,3,1,3
BRDA:60,4,0,0
BRDA:60,4,1,0
BRDA:69,5,0,4
BRDA:69,5,1,0
BRDA:78,6,0,0
BRDA:78,6,1,0
BRDA:84,7,0,0
BRDA:84,7,1,0
BRDA:92,8,0,0
BRDA:92,8,1,0
BRDA:109,9,0,0
BRDA:109,9,1,0
BRDA:119,10,0,0
BRDA:119,10,1,0
BRDA:125,11,0,0
BRDA:125,11,1,0
BRDA:133,12,0,0
BRDA:133,12,1,0
BRDA:151,13,0,0
BRDA:151,13,1,0
BRDA:161,14,0,3
BRDA:161,14,1,3
BRDA:174,15,0,0
BRDA:174,15,1,0
BRDA:181,16,0,0
BRDA:181,16,1,0
BRDA:185,17,0,0
BRDA:185,17,1,0
BRDA:190,18,0,0
BRDA:190,18,1,0
BRDA:194,19,0,1
BRDA:194,19,1,0
BRDA:198,20,0,3
BRDA:198,20,1,0
BRDA:203,21,0,3
BRDA:203,21,1,3
BRF:44
BRH:14
end_of_record
